This file contains any messages produced by compilers while
running configure, to aid debugging if configure makes a mistake.

It was created by XMLStarlet configure 1.6.1, which was
generated by GNU Autoconf 2.69.  Invocation command line was

  $ ./configure 

## --------- ##
## Platform. ##
## --------- ##

hostname = ubuntu
uname -m = x86_64
uname -r = 5.4.0-121-generic
uname -s = Linux
uname -v = #137~18.04.1-Ubuntu SMP Mon Jun 20 07:25:24 UTC 2022

/usr/bin/uname -p = unknown
/bin/uname -X     = unknown

/bin/arch              = unknown
/usr/bin/arch -k       = unknown
/usr/convex/getsysinfo = unknown
/usr/bin/hostinfo      = unknown
/bin/machine           = unknown
/usr/bin/oslevel       = unknown
/bin/universe          = unknown

PATH: /usr/local/sbin
PATH: /usr/local/bin
PATH: /usr/sbin
PATH: /usr/bin
PATH: /sbin
PATH: /bin
PATH: /snap/bin


## ----------- ##
## Core tests. ##
## ----------- ##

configure:2443: checking for a BSD-compatible install
configure:2511: result: /usr/bin/install -c
configure:2522: checking whether build environment is sane
configure:2577: result: yes
configure:2728: checking for a thread-safe mkdir -p
configure:2767: result: /bin/mkdir -p
configure:2774: checking for gawk
configure:2804: result: no
configure:2774: checking for mawk
configure:2790: found /usr/bin/mawk
configure:2801: result: mawk
configure:2812: checking whether make sets $(MAKE)
configure:2834: result: yes
configure:2863: checking whether make supports nested variables
configure:2880: result: yes
configure:3007: checking whether make supports nested variables
configure:3024: result: yes
configure:3036: checking whether to enable maintainer-specific portions of Makefiles
configure:3045: result: no
configure:3166: checking build system type
configure:3180: result: x86_64-unknown-linux-gnu
configure:3200: checking host system type
configure:3213: result: x86_64-unknown-linux-gnu
configure:3281: checking for gcc
configure:3297: found /usr/bin/gcc
configure:3308: result: gcc
configure:3537: checking for C compiler version
configure:3546: gcc --version >&5
gcc (Ubuntu 7.5.0-3ubuntu1~18.04) 7.5.0
Copyright (C) 2017 Free Software Foundation, Inc.
This is free software; see the source for copying conditions.  There is NO
warranty; not even for MERCHANTABILITY or FITNESS FOR A PARTICULAR PURPOSE.

configure:3557: $? = 0
configure:3546: gcc -v >&5
Using built-in specs.
COLLECT_GCC=gcc
COLLECT_LTO_WRAPPER=/usr/lib/gcc/x86_64-linux-gnu/7/lto-wrapper
OFFLOAD_TARGET_NAMES=nvptx-none
OFFLOAD_TARGET_DEFAULT=1
Target: x86_64-linux-gnu
Configured with: ../src/configure -v --with-pkgversion='Ubuntu 7.5.0-3ubuntu1~18.04' --with-bugurl=file:///usr/share/doc/gcc-7/README.Bugs --enable-languages=c,ada,c++,go,brig,d,fortran,objc,obj-c++ --prefix=/usr --with-gcc-major-version-only --program-suffix=-7 --program-prefix=x86_64-linux-gnu- --enable-shared --enable-linker-build-id --libexecdir=/usr/lib --without-included-gettext --enable-threads=posix --libdir=/usr/lib --enable-nls --enable-bootstrap --enable-clocale=gnu --enable-libstdcxx-debug --enable-libstdcxx-time=yes --with-default-libstdcxx-abi=new --enable-gnu-unique-object --disable-vtable-verify --enable-libmpx --enable-plugin --enable-default-pie --with-system-zlib --with-target-system-zlib --enable-objc-gc=auto --enable-multiarch --disable-werror --with-arch-32=i686 --with-abi=m64 --with-multilib-list=m32,m64,mx32 --enable-multilib --with-tune=generic --enable-offload-targets=nvptx-none --without-cuda-driver --enable-checking=release --build=x86_64-linux-gnu --host=x86_64-linux-gnu --target=x86_64-linux-gnu
Thread model: posix
gcc version 7.5.0 (Ubuntu 7.5.0-3ubuntu1~18.04) 
configure:3557: $? = 0
configure:3546: gcc -V >&5
gcc: error: unrecognized command line option '-V'
gcc: fatal error: no input files
compilation terminated.
configure:3557: $? = 1
configure:3546: gcc -qversion >&5
gcc: error: unrecognized command line option '-qversion'; did you mean '--version'?
gcc: fatal error: no input files
compilation terminated.
configure:3557: $? = 1
configure:3577: checking whether the C compiler works
configure:3599: gcc    conftest.c  >&5
configure:3603: $? = 0
configure:3651: result: yes
configure:3654: checking for C compiler default output file name
configure:3656: result: a.out
configure:3662: checking for suffix of executables
configure:3669: gcc -o conftest    conftest.c  >&5
configure:3673: $? = 0
configure:3695: result: 
configure:3717: checking whether we are cross compiling
configure:3725: gcc -o conftest    conftest.c  >&5
configure:3729: $? = 0
configure:3736: ./conftest
configure:3740: $? = 0
configure:3755: result: no
configure:3760: checking for suffix of object files
configure:3782: gcc -c   conftest.c >&5
configure:3786: $? = 0
configure:3807: result: o
configure:3811: checking whether we are using the GNU C compiler
configure:3830: gcc -c   conftest.c >&5
configure:3830: $? = 0
configure:3839: result: yes
configure:3848: checking whether gcc accepts -g
configure:3868: gcc -c -g  conftest.c >&5
configure:3868: $? = 0
configure:3909: result: yes
configure:3926: checking for gcc option to accept ISO C89
configure:3989: gcc  -c -g -O2  conftest.c >&5
configure:3989: $? = 0
configure:4002: result: none needed
configure:4027: checking whether gcc understands -c and -o together
configure:4049: gcc -c conftest.c -o conftest2.o
configure:4052: $? = 0
configure:4049: gcc -c conftest.c -o conftest2.o
configure:4052: $? = 0
configure:4064: result: yes
configure:4092: checking for style of include used by make
configure:4120: result: GNU
configure:4146: checking dependency style of gcc
configure:4257: result: gcc3
configure:4284: checking for a sed that does not truncate output
configure:4348: result: /bin/sed
configure:4357: checking for gawk
configure:4384: result: mawk
configure:4407: checking for xml2-config
configure:4440: result: no
configure:4446: error: in `/media/psf/Home/Desktop/hacksole/waconCTF/misc/ide/xmlstarlet-1.6.1':
configure:4448: error: xml2-config not found,
  libxml is not installed or LIBXML_PREFIX is not correctly defined
See `config.log' for more details

## ---------------- ##
## Cache variables. ##
## ---------------- ##

ac_cv_build=x86_64-unknown-linux-gnu
ac_cv_c_compiler_gnu=yes
ac_cv_env_CC_set=
ac_cv_env_CC_value=
ac_cv_env_CFLAGS_set=
ac_cv_env_CFLAGS_value=
ac_cv_env_CPPFLAGS_set=
ac_cv_env_CPPFLAGS_value=
ac_cv_env_CPP_set=
ac_cv_env_CPP_value=
ac_cv_env_LDFLAGS_set=
ac_cv_env_LDFLAGS_value=
ac_cv_env_LIBS_set=
ac_cv_env_LIBS_value=
ac_cv_env_build_alias_set=
ac_cv_env_build_alias_value=
ac_cv_env_host_alias_set=
ac_cv_env_host_alias_value=
ac_cv_env_target_alias_set=
ac_cv_env_target_alias_value=
ac_cv_host=x86_64-unknown-linux-gnu
ac_cv_objext=o
ac_cv_path_SED=/bin/sed
ac_cv_path_install='/usr/bin/install -c'
ac_cv_path_mkdir=/bin/mkdir
ac_cv_prog_AWK=mawk
ac_cv_prog_ac_ct_CC=gcc
ac_cv_prog_cc_c89=
ac_cv_prog_cc_g=yes
ac_cv_prog_make_make_set=yes
am_cv_CC_dependencies_compiler_type=gcc3
am_cv_make_support_nested_variables=yes
am_cv_prog_cc_c_o=yes

## ----------------- ##
## Output variables. ##
## ----------------- ##

ACLOCAL='${SHELL} /media/psf/Home/Desktop/hacksole/waconCTF/misc/ide/xmlstarlet-1.6.1/missing aclocal-1.14'
AMDEPBACKSLASH='\'
AMDEP_FALSE='#'
AMDEP_TRUE=''
AMTAR='$${TAR-tar}'
AM_BACKSLASH='\'
AM_CPPFLAGS=''
AM_DEFAULT_V='$(AM_DEFAULT_VERBOSITY)'
AM_DEFAULT_VERBOSITY='0'
AM_LDFLAGS=''
AM_V='$(V)'
AUTOCONF='${SHELL} /media/psf/Home/Desktop/hacksole/waconCTF/misc/ide/xmlstarlet-1.6.1/missing autoconf'
AUTOHEADER='${SHELL} /media/psf/Home/Desktop/hacksole/waconCTF/misc/ide/xmlstarlet-1.6.1/missing autoheader'
AUTOMAKE='${SHELL} /media/psf/Home/Desktop/hacksole/waconCTF/misc/ide/xmlstarlet-1.6.1/missing automake-1.14'
AWK='mawk'
BUILD_DOCS_FALSE=''
BUILD_DOCS_TRUE=''
CC='gcc'
CCDEPMODE='depmode=gcc3'
CFLAGS='-ansi -g -O2'
CPP=''
CPPFLAGS=''
CYGPATH_W='echo'
DEFS=''
DEPDIR='.deps'
ECHO_C=''
ECHO_N='-n'
ECHO_T=''
EGREP=''
EXEEXT=''
FOP=''
GCC_FALSE='#'
GCC_TRUE=''
GREP=''
HAVE_EXSLT_XPATH_REGISTER_FALSE=''
HAVE_EXSLT_XPATH_REGISTER_TRUE=''
HAVE_FOP_FALSE=''
HAVE_FOP_TRUE=''
HAVE_PDF2PS_FALSE=''
HAVE_PDF2PS_TRUE=''
INSTALL_DATA='${INSTALL} -m 644'
INSTALL_PROGRAM='${INSTALL}'
INSTALL_SCRIPT='${INSTALL}'
INSTALL_STRIP_PROGRAM='$(install_sh) -c -s'
LDADD=''
LDFLAGS=''
LIBOBJS=''
LIBS=''
LIBXML_CONFIG=''
LIBXML_REQUIRED_VERSION='2.6.27'
LIBXSLT_CONFIG=''
LIBXSLT_REQUIRED_VERSION='1.1.9'
LTLIBOBJS=''
MAINT='#'
MAINTAINER_MODE_FALSE=''
MAINTAINER_MODE_TRUE='#'
MAKEINFO='${SHELL} /media/psf/Home/Desktop/hacksole/waconCTF/misc/ide/xmlstarlet-1.6.1/missing makeinfo'
MKDIR_P='/bin/mkdir -p'
OBJEXT='o'
PACKAGE='xmlstarlet'
PACKAGE_BUGREPORT='http://sourceforge.net/projects/xmlstar/support'
PACKAGE_NAME='XMLStarlet'
PACKAGE_STRING='XMLStarlet 1.6.1'
PACKAGE_TARNAME='xmlstarlet'
PACKAGE_URL='http://xmlstar.sourceforge.net/'
PACKAGE_VERSION='1.6.1'
PATH_SEPARATOR=':'
PDF2PS=''
SED='/bin/sed'
SET_MAKE=''
SHELL='/bin/bash'
STRIP=''
VERSION='1.6.1'
V_DOCBOOK=''
V_DOCBOOK_0=''
V_DOCBOOK_=''
V_FOP=''
V_FOP_0=''
V_FOP_=''
XSLTPROC=''
ac_ct_CC='gcc'
am__EXEEXT_FALSE=''
am__EXEEXT_TRUE=''
am__fastdepCC_FALSE='#'
am__fastdepCC_TRUE=''
am__include='include'
am__isrc=''
am__leading_dot='.'
am__nodep='_no'
am__quote=''
am__tar='$${TAR-tar} chof - "$$tardir"'
am__untar='$${TAR-tar} xf -'
bindir='${exec_prefix}/bin'
build='x86_64-unknown-linux-gnu'
build_alias=''
build_cpu='x86_64'
build_os='linux-gnu'
build_vendor='unknown'
datadir='${datarootdir}'
datarootdir='${prefix}/share'
docdir='${datarootdir}/doc/${PACKAGE_TARNAME}'
dvidir='${docdir}'
exec_prefix='NONE'
host='x86_64-unknown-linux-gnu'
host_alias=''
host_cpu='x86_64'
host_os='linux-gnu'
host_vendor='unknown'
htmldir='${docdir}'
includedir='${prefix}/include'
infodir='${datarootdir}/info'
install_sh='${SHELL} /media/psf/Home/Desktop/hacksole/waconCTF/misc/ide/xmlstarlet-1.6.1/install-sh'
libdir='${exec_prefix}/lib'
libexecdir='${exec_prefix}/libexec'
localedir='${datarootdir}/locale'
localstatedir='${prefix}/var'
mandir='${datarootdir}/man'
mkdir_p='$(MKDIR_P)'
oldincludedir='/usr/include'
pdfdir='${docdir}'
prefix='NONE'
program_transform_name='s,x,x,'
psdir='${docdir}'
sbindir='${exec_prefix}/sbin'
sharedstatedir='${prefix}/com'
sysconfdir='${prefix}/etc'
target_alias=''

## ----------- ##
## confdefs.h. ##
## ----------- ##

/* confdefs.h */
#define PACKAGE_NAME "XMLStarlet"
#define PACKAGE_TARNAME "xmlstarlet"
#define PACKAGE_VERSION "1.6.1"
#define PACKAGE_STRING "XMLStarlet 1.6.1"
#define PACKAGE_BUGREPORT "http://sourceforge.net/projects/xmlstar/support"
#define PACKAGE_URL "http://xmlstar.sourceforge.net/"
#define _XOPEN_SOURCE 500

configure: exit 1
